-------------------------------------------------------------------------------
Test set: TestSuite
-------------------------------------------------------------------------------
Tests run: 4, Failures: 1, Errors: 0, Skipped: 0, Time elapsed: 89.385 s <<< FAILURE! - in TestSuite
runScenario(runner.TestRunner)  Time elapsed: 17.692 s  <<< FAILURE!
java.lang.AssertionError: null

