<?xml version="1.0" encoding="UTF-8"?>
<!-- Generated by org.testng.reporters.JUnitXMLReporter -->
<testsuite hostname="SEZ-DESK-198" ignored="0" name="Regression" tests="4" failures="1" timestamp="13 Dec 2022 11:08:47 GMT" time="88.92" errors="0">
  <testcase name="runScenario" time="17.68" classname="io.cucumber.testng.AbstractTestNGCucumberTests">
    <failure type="java.lang.AssertionError" message="null">
      <![CDATA[java.lang.AssertionError: null
	at pages.HomePage.isCorrectHomePageTextExist(HomePage.java:100)
	at stepdefinitions.HomeDefinitions.is_displayed_on_the_home_page(HomeDefinitions.java:38)
	at ✽."Accueilly" is displayed on the home page(file:///C:/Users/Sandeepkumar.Phalke/eclipse-workspace/UNICEF_Cucumber_TestNG_Automation_Framework/src/test/resources/features/languageChange.feature:10)
... Removed 2 stack frames]]>
    </failure>
  </testcase> <!-- runScenario -->
  <testcase name="runScenario" time="17.916" classname="io.cucumber.testng.AbstractTestNGCucumberTests"/>
  <testcase name="runScenario" time="20.364" classname="io.cucumber.testng.AbstractTestNGCucumberTests"/>
  <testcase name="runScenario" time="31.8" classname="io.cucumber.testng.AbstractTestNGCucumberTests"/>
</testsuite> <!-- Regression -->
