<?xml version="1.0" encoding="UTF-8"?>
<!-- Generated by org.testng.reporters.JUnitReportReporter -->
<testsuite name="runner.TestRunner" tests="4" time="87.760" ignored="0" failures="1" timestamp="13 Dec 2022 11:08:47 GMT" skipped="0" hostname="SEZ-DESK-198" errors="0">
  <testcase name="runScenario" time="17.916" classname="runner.TestRunner"/>
  <testcase name="runScenario" time="20.364" classname="runner.TestRunner"/>
  <testcase name="runScenario" time="31.800" classname="runner.TestRunner"/>
  <testcase name="runScenario" time="17.680" classname="runner.TestRunner">
    <failure type="java.lang.AssertionError" message="null">
      <![CDATA[java.lang.AssertionError: null
	at org.testng.Assert.fail(Assert.java:94)
	at org.testng.Assert.fail(Assert.java:101)
	at pages.HomePage.isCorrectHomePageTextExist(HomePage.java:100)
	at stepdefinitions.HomeDefinitions.is_displayed_on_the_home_page(HomeDefinitions.java:38)
	at ✽."Accueilly" is displayed on the home page(file:///C:/Users/Sandeepkumar.Phalke/eclipse-workspace/UNICEF_Cucumber_TestNG_Automation_Framework/src/test/resources/features/languageChange.feature:10)
]]>
    </failure>
  </testcase> <!-- runScenario -->
</testsuite> <!-- runner.TestRunner -->
